<?xml version="1.0" encoding="UTF-8"?>
<coverage generated="1562951663955" clover="3.2.0">
  <project timestamp="1562951663955" name="All files">
    <metrics statements="80" coveredstatements="66" conditionals="62" coveredconditionals="49" methods="34" coveredmethods="29" elements="176" coveredelements="144" complexity="0" loc="80" ncloc="80" packages="1" files="3" classes="3"/>
    <file name="Amenity.jsx" path="/Users/yisun/Desktop/Listing/client/component/Amenity.jsx">
      <metrics statements="19" coveredstatements="17" conditionals="16" coveredconditionals="14" methods="8" coveredmethods="8"/>
      <line num="6" count="13" type="stmt"/>
      <line num="9" count="1" type="stmt"/>
      <line num="13" count="26" type="cond" truecount="2" falsecount="0"/>
      <line num="14" count="2" type="stmt"/>
      <line num="16" count="26" type="cond" truecount="2" falsecount="0"/>
      <line num="17" count="2" type="stmt"/>
      <line num="18" count="2" type="stmt"/>
      <line num="22" count="26" type="stmt"/>
      <line num="33" count="26" type="stmt"/>
      <line num="35" count="26" type="stmt"/>
      <line num="43" count="18" type="cond" truecount="1" falsecount="1"/>
      <line num="44" count="0" type="stmt"/>
      <line num="53" count="18" type="cond" truecount="2" falsecount="0"/>
      <line num="54" count="2" type="stmt"/>
      <line num="67" count="18" type="cond" truecount="1" falsecount="1"/>
      <line num="68" count="0" type="stmt"/>
      <line num="77" count="18" type="cond" truecount="2" falsecount="0"/>
      <line num="78" count="2" type="stmt"/>
      <line num="89" count="1" type="stmt"/>
    </file>
    <file name="App.jsx" path="/Users/yisun/Desktop/Listing/client/component/App.jsx">
      <metrics statements="11" coveredstatements="9" conditionals="0" coveredconditionals="0" methods="7" coveredmethods="5"/>
      <line num="2" count="1" type="stmt"/>
      <line num="10" count="3" type="stmt"/>
      <line num="11" count="3" type="stmt"/>
      <line num="22" count="3" type="stmt"/>
      <line num="23" count="3" type="stmt"/>
      <line num="24" count="3" type="stmt"/>
      <line num="27" count="3" type="stmt"/>
      <line num="33" count="0" type="stmt"/>
      <line num="47" count="3" type="stmt"/>
      <line num="53" count="0" type="stmt"/>
      <line num="63" count="4" type="stmt"/>
    </file>
    <file name="Description.jsx" path="/Users/yisun/Desktop/Listing/client/component/Description.jsx">
      <metrics statements="50" coveredstatements="40" conditionals="46" coveredconditionals="35" methods="19" coveredmethods="16"/>
      <line num="7" count="17" type="stmt"/>
      <line num="8" count="17" type="stmt"/>
      <line num="17" count="1" type="stmt"/>
      <line num="22" count="0" type="stmt"/>
      <line num="27" count="1" type="stmt"/>
      <line num="32" count="1" type="stmt"/>
      <line num="37" count="1" type="stmt"/>
      <line num="42" count="1" type="stmt"/>
      <line num="47" count="1" type="stmt"/>
      <line num="48" count="1" type="cond" truecount="1" falsecount="1"/>
      <line num="49" count="1" type="cond" truecount="1" falsecount="1"/>
      <line num="50" count="1" type="stmt"/>
      <line num="52" count="0" type="stmt"/>
      <line num="59" count="31" type="stmt"/>
      <line num="66" count="31" type="cond" truecount="2" falsecount="0"/>
      <line num="67" count="2" type="stmt"/>
      <line num="68" count="2" type="stmt"/>
      <line num="70" count="31" type="stmt"/>
      <line num="72" count="31" type="stmt"/>
      <line num="74" count="3" type="stmt"/>
      <line num="75" count="3" type="cond" truecount="4" falsecount="0"/>
      <line num="76" count="2" type="stmt"/>
      <line num="77" count="1" type="cond" truecount="1" falsecount="1"/>
      <line num="78" count="1" type="stmt"/>
      <line num="80" count="3" type="stmt"/>
      <line num="92" count="31" type="stmt"/>
      <line num="93" count="31" type="cond" truecount="1" falsecount="1"/>
      <line num="94" count="0" type="stmt"/>
      <line num="97" count="31" type="cond" truecount="1" falsecount="1"/>
      <line num="98" count="0" type="stmt"/>
      <line num="99" count="0" type="cond" truecount="0" falsecount="2"/>
      <line num="100" count="0" type="stmt"/>
      <line num="101" count="0" type="stmt"/>
      <line num="102" count="0" type="stmt"/>
      <line num="107" count="0" type="stmt"/>
      <line num="126" count="31" type="cond" truecount="2" falsecount="0"/>
      <line num="127" count="31" type="cond" truecount="2" falsecount="0"/>
      <line num="128" count="31" type="stmt"/>
      <line num="129" count="31" type="stmt"/>
      <line num="130" count="31" type="cond" truecount="2" falsecount="0"/>
      <line num="131" count="31" type="stmt"/>
      <line num="151" count="8" type="stmt"/>
      <line num="190" count="1" type="stmt"/>
      <line num="199" count="8" type="stmt"/>
      <line num="208" count="0" type="stmt"/>
      <line num="231" count="1" type="stmt"/>
      <line num="245" count="1" type="stmt"/>
      <line num="256" count="1" type="stmt"/>
      <line num="257" count="33" type="stmt"/>
      <line num="259" count="1" type="stmt"/>
    </file>
  </project>
</coverage>
