<?xml version="1.0" encoding="UTF-8"?>
<coverage generated="1563301707932" clover="3.2.0">
  <project timestamp="1563301707932" name="All files">
    <metrics statements="129" coveredstatements="121" conditionals="76" coveredconditionals="66" methods="47" coveredmethods="41" elements="252" coveredelements="228" complexity="0" loc="129" ncloc="129" packages="3" files="5" classes="5"/>
    <package name="client.component">
      <metrics statements="91" coveredstatements="85" conditionals="72" coveredconditionals="64" methods="38" coveredmethods="33"/>
      <file name="Amenity.jsx" path="/Users/yisun/Desktop/Listing/client/component/Amenity.jsx">
        <metrics statements="22" coveredstatements="22" conditionals="16" coveredconditionals="16" methods="8" coveredmethods="8"/>
        <line num="6" count="17" type="stmt"/>
        <line num="9" count="1" type="stmt"/>
        <line num="14" count="33" type="cond" truecount="2" falsecount="0"/>
        <line num="15" count="3" type="stmt"/>
        <line num="17" count="33" type="cond" truecount="2" falsecount="0"/>
        <line num="18" count="2" type="stmt"/>
        <line num="19" count="2" type="stmt"/>
        <line num="20" count="2" type="stmt"/>
        <line num="21" count="2" type="stmt"/>
        <line num="22" count="3" type="stmt"/>
        <line num="27" count="33" type="stmt"/>
        <line num="38" count="33" type="stmt"/>
        <line num="40" count="33" type="stmt"/>
        <line num="48" count="18" type="cond" truecount="2" falsecount="0"/>
        <line num="49" count="1" type="stmt"/>
        <line num="58" count="18" type="cond" truecount="2" falsecount="0"/>
        <line num="59" count="1" type="stmt"/>
        <line num="72" count="18" type="cond" truecount="2" falsecount="0"/>
        <line num="73" count="1" type="stmt"/>
        <line num="82" count="18" type="cond" truecount="2" falsecount="0"/>
        <line num="83" count="2" type="stmt"/>
        <line num="94" count="1" type="stmt"/>
      </file>
      <file name="App.jsx" path="/Users/yisun/Desktop/Listing/client/component/App.jsx">
        <metrics statements="14" coveredstatements="12" conditionals="0" coveredconditionals="0" methods="7" coveredmethods="5"/>
        <line num="2" count="1" type="stmt"/>
        <line num="9" count="3" type="stmt"/>
        <line num="10" count="3" type="stmt"/>
        <line num="22" count="3" type="stmt"/>
        <line num="23" count="3" type="stmt"/>
        <line num="27" count="3" type="stmt"/>
        <line num="28" count="3" type="stmt"/>
        <line num="30" count="3" type="stmt"/>
        <line num="35" count="0" type="stmt"/>
        <line num="48" count="3" type="stmt"/>
        <line num="49" count="3" type="stmt"/>
        <line num="50" count="3" type="stmt"/>
        <line num="55" count="0" type="stmt"/>
        <line num="63" count="3" type="stmt"/>
      </file>
      <file name="Description.jsx" path="/Users/yisun/Desktop/Listing/client/component/Description.jsx">
        <metrics statements="55" coveredstatements="51" conditionals="56" coveredconditionals="48" methods="23" coveredmethods="20"/>
        <line num="8" count="24" type="stmt"/>
        <line num="9" count="24" type="stmt"/>
        <line num="16" count="24" type="stmt"/>
        <line num="17" count="24" type="stmt"/>
        <line num="22" count="24" type="stmt"/>
        <line num="25" count="0" type="stmt"/>
        <line num="28" count="1" type="stmt"/>
        <line num="33" count="0" type="stmt"/>
        <line num="38" count="1" type="stmt"/>
        <line num="44" count="1" type="stmt"/>
        <line num="50" count="1" type="stmt"/>
        <line num="55" count="2" type="stmt"/>
        <line num="60" count="2" type="stmt"/>
        <line num="61" count="2" type="cond" truecount="1" falsecount="1"/>
        <line num="62" count="2" type="cond" truecount="2" falsecount="0"/>
        <line num="63" count="1" type="stmt"/>
        <line num="65" count="1" type="stmt"/>
        <line num="71" count="1" type="cond" truecount="1" falsecount="1"/>
        <line num="72" count="0" type="stmt"/>
        <line num="79" count="42" type="stmt"/>
        <line num="86" count="42" type="cond" truecount="2" falsecount="0"/>
        <line num="87" count="3" type="stmt"/>
        <line num="88" count="3" type="stmt"/>
        <line num="92" count="42" type="stmt"/>
        <line num="93" count="42" type="stmt"/>
        <line num="97" count="42" type="stmt"/>
        <line num="98" count="4" type="stmt"/>
        <line num="99" count="4" type="stmt"/>
        <line num="135" count="42" type="stmt"/>
        <line num="137" count="42" type="cond" truecount="2" falsecount="0"/>
        <line num="138" count="2" type="stmt"/>
        <line num="141" count="42" type="cond" truecount="2" falsecount="0"/>
        <line num="142" count="2" type="stmt"/>
        <line num="143" count="2" type="cond" truecount="1" falsecount="1"/>
        <line num="144" count="2" type="stmt"/>
        <line num="145" count="2" type="stmt"/>
        <line num="146" count="2" type="stmt"/>
        <line num="150" count="7" type="stmt"/>
        <line num="168" count="42" type="cond" truecount="2" falsecount="0"/>
        <line num="169" count="42" type="cond" truecount="2" falsecount="0"/>
        <line num="170" count="42" type="stmt"/>
        <line num="171" count="42" type="stmt"/>
        <line num="172" count="42" type="cond" truecount="2" falsecount="0"/>
        <line num="173" count="42" type="cond" truecount="2" falsecount="0"/>
        <line num="174" count="42" type="cond" truecount="2" falsecount="2"/>
        <line num="175" count="42" type="stmt"/>
        <line num="195" count="4" type="stmt"/>
        <line num="234" count="1" type="stmt"/>
        <line num="243" count="6" type="stmt"/>
        <line num="252" count="0" type="stmt"/>
        <line num="275" count="1" type="stmt"/>
        <line num="289" count="1" type="stmt"/>
        <line num="303" count="2" type="stmt"/>
        <line num="304" count="46" type="stmt"/>
        <line num="306" count="1" type="stmt"/>
      </file>
    </package>
    <package name="database">
      <metrics statements="16" coveredstatements="16" conditionals="0" coveredconditionals="0" methods="4" coveredmethods="4"/>
      <file name="index.js" path="/Users/yisun/Desktop/Listing/database/index.js">
        <metrics statements="16" coveredstatements="16" conditionals="0" coveredconditionals="0" methods="4" coveredmethods="4"/>
        <line num="3" count="1" type="stmt"/>
        <line num="4" count="1" type="stmt"/>
        <line num="6" count="1" type="stmt"/>
        <line num="16" count="1" type="stmt"/>
        <line num="19" count="1" type="stmt"/>
        <line num="23" count="1" type="stmt"/>
        <line num="25" count="1" type="stmt"/>
        <line num="26" count="1" type="stmt"/>
        <line num="28" count="1" type="stmt"/>
        <line num="31" count="1" type="stmt"/>
        <line num="32" count="1" type="stmt"/>
        <line num="34" count="1" type="stmt"/>
        <line num="37" count="1" type="stmt"/>
        <line num="38" count="1" type="stmt"/>
        <line num="39" count="1" type="stmt"/>
        <line num="40" count="1" type="stmt"/>
      </file>
    </package>
    <package name="server">
      <metrics statements="22" coveredstatements="20" conditionals="4" coveredconditionals="2" methods="5" coveredmethods="4"/>
      <file name="index.js" path="/Users/yisun/Desktop/Listing/server/index.js">
        <metrics statements="22" coveredstatements="20" conditionals="4" coveredconditionals="2" methods="5" coveredmethods="4"/>
        <line num="2" count="1" type="stmt"/>
        <line num="3" count="1" type="stmt"/>
        <line num="4" count="1" type="stmt"/>
        <line num="5" count="1" type="stmt"/>
        <line num="6" count="1" type="stmt"/>
        <line num="7" count="1" type="stmt"/>
        <line num="9" count="1" type="stmt"/>
        <line num="10" count="1" type="stmt"/>
        <line num="12" count="1" type="stmt"/>
        <line num="13" count="1" type="stmt"/>
        <line num="14" count="1" type="stmt"/>
        <line num="15" count="1" type="cond" truecount="1" falsecount="1"/>
        <line num="16" count="0" type="stmt"/>
        <line num="18" count="1" type="stmt"/>
        <line num="21" count="1" type="stmt"/>
        <line num="22" count="1" type="stmt"/>
        <line num="23" count="1" type="stmt"/>
        <line num="24" count="1" type="cond" truecount="1" falsecount="1"/>
        <line num="25" count="0" type="stmt"/>
        <line num="27" count="1" type="stmt"/>
        <line num="31" count="1" type="stmt"/>
        <line num="32" count="1" type="stmt"/>
      </file>
    </package>
  </project>
</coverage>
