{"/Users/yisun/Desktop/Listing/client/component/Amenity.jsx": {"path":"/Users/yisun/Desktop/Listing/client/component/Amenity.jsx","statementMap":{"0":{"start":{"line":6,"column":8},"end":{"line":6,"column":20}},"1":{"start":{"line":9,"column":8},"end":{"line":9,"column":36}},"2":{"start":{"line":14,"column":8},"end":{"line":16,"column":9}},"3":{"start":{"line":15,"column":29},"end":{"line":15,"column":53}},"4":{"start":{"line":17,"column":8},"end":{"line":20,"column":9}},"5":{"start":{"line":18,"column":28},"end":{"line":18,"column":51}},"6":{"start":{"line":19,"column":29},"end":{"line":19,"column":45}},"7":{"start":{"line":23,"column":23},"end":{"line":33,"column":9}},"8":{"start":{"line":34,"column":23},"end":{"line":34,"column":44}},"9":{"start":{"line":36,"column":8},"end":{"line":95,"column":9}},"10":{"start":{"line":44,"column":32},"end":{"line":48,"column":33}},"11":{"start":{"line":45,"column":36},"end":{"line":47,"column":43}},"12":{"start":{"line":54,"column":32},"end":{"line":58,"column":33}},"13":{"start":{"line":55,"column":36},"end":{"line":57,"column":43}},"14":{"start":{"line":68,"column":32},"end":{"line":72,"column":33}},"15":{"start":{"line":69,"column":36},"end":{"line":71,"column":43}},"16":{"start":{"line":78,"column":32},"end":{"line":82,"column":33}},"17":{"start":{"line":79,"column":36},"end":{"line":81,"column":43}},"18":{"start":{"line":90,"column":71},"end":{"line":90,"column":90}}},"fnMap":{"0":{"name":"(anonymous_0)","decl":{"start":{"line":5,"column":4},"end":{"line":5,"column":5}},"loc":{"start":{"line":5,"column":22},"end":{"line":7,"column":5}},"line":5},"1":{"name":"(anonymous_1)","decl":{"start":{"line":8,"column":4},"end":{"line":8,"column":5}},"loc":{"start":{"line":8,"column":18},"end":{"line":10,"column":5}},"line":8},"2":{"name":"(anonymous_2)","decl":{"start":{"line":12,"column":4},"end":{"line":12,"column":5}},"loc":{"start":{"line":12,"column":12},"end":{"line":96,"column":5}},"line":12},"3":{"name":"(anonymous_3)","decl":{"start":{"line":43,"column":42},"end":{"line":43,"column":43}},"loc":{"start":{"line":43,"column":49},"end":{"line":49,"column":29}},"line":43},"4":{"name":"(anonymous_4)","decl":{"start":{"line":53,"column":42},"end":{"line":53,"column":43}},"loc":{"start":{"line":53,"column":49},"end":{"line":59,"column":29}},"line":53},"5":{"name":"(anonymous_5)","decl":{"start":{"line":67,"column":42},"end":{"line":67,"column":43}},"loc":{"start":{"line":67,"column":49},"end":{"line":73,"column":29}},"line":67},"6":{"name":"(anonymous_6)","decl":{"start":{"line":77,"column":42},"end":{"line":77,"column":43}},"loc":{"start":{"line":77,"column":49},"end":{"line":83,"column":29}},"line":77},"7":{"name":"(anonymous_7)","decl":{"start":{"line":90,"column":68},"end":{"line":90,"column":69}},"loc":{"start":{"line":90,"column":71},"end":{"line":90,"column":90}},"line":90}},"branchMap":{"0":{"loc":{"start":{"line":14,"column":8},"end":{"line":16,"column":9}},"type":"if","locations":[{"start":{"line":14,"column":8},"end":{"line":16,"column":9}},{"start":{"line":14,"column":8},"end":{"line":16,"column":9}}],"line":14},"1":{"loc":{"start":{"line":17,"column":8},"end":{"line":20,"column":9}},"type":"if","locations":[{"start":{"line":17,"column":8},"end":{"line":20,"column":9}},{"start":{"line":17,"column":8},"end":{"line":20,"column":9}}],"line":17},"2":{"loc":{"start":{"line":40,"column":17},"end":{"line":62,"column":26}},"type":"binary-expr","locations":[{"start":{"line":40,"column":17},"end":{"line":40,"column":26}},{"start":{"line":41,"column":20},"end":{"line":62,"column":26}}],"line":40},"3":{"loc":{"start":{"line":44,"column":32},"end":{"line":48,"column":33}},"type":"if","locations":[{"start":{"line":44,"column":32},"end":{"line":48,"column":33}},{"start":{"line":44,"column":32},"end":{"line":48,"column":33}}],"line":44},"4":{"loc":{"start":{"line":54,"column":32},"end":{"line":58,"column":33}},"type":"if","locations":[{"start":{"line":54,"column":32},"end":{"line":58,"column":33}},{"start":{"line":54,"column":32},"end":{"line":58,"column":33}}],"line":54},"5":{"loc":{"start":{"line":64,"column":18},"end":{"line":86,"column":26}},"type":"binary-expr","locations":[{"start":{"line":64,"column":18},"end":{"line":64,"column":27}},{"start":{"line":65,"column":20},"end":{"line":86,"column":26}}],"line":64},"6":{"loc":{"start":{"line":68,"column":32},"end":{"line":72,"column":33}},"type":"if","locations":[{"start":{"line":68,"column":32},"end":{"line":72,"column":33}},{"start":{"line":68,"column":32},"end":{"line":72,"column":33}}],"line":68},"7":{"loc":{"start":{"line":78,"column":32},"end":{"line":82,"column":33}},"type":"if","locations":[{"start":{"line":78,"column":32},"end":{"line":82,"column":33}},{"start":{"line":78,"column":32},"end":{"line":82,"column":33}}],"line":78}},"s":{"0":1,"1":0,"2":2,"3":1,"4":2,"5":1,"6":1,"7":2,"8":2,"9":2,"10":9,"11":0,"12":9,"13":1,"14":9,"15":0,"16":9,"17":1,"18":0},"f":{"0":1,"1":0,"2":2,"3":9,"4":9,"5":9,"6":9,"7":0},"b":{"0":[1,1],"1":[1,1],"2":[2,1],"3":[0,9],"4":[1,8],"5":[2,1],"6":[0,9],"7":[1,8]},"_coverageSchema":"43e27e138ebf9cfc5966b082cf9a028302ed4184","hash":"024081d247e1bfacba87d0d28cec29045c61c9c1"}
,"/Users/yisun/Desktop/Listing/client/component/App.jsx": {"path":"/Users/yisun/Desktop/Listing/client/component/App.jsx","statementMap":{"0":{"start":{"line":2,"column":14},"end":{"line":2,"column":30}},"1":{"start":{"line":9,"column":8},"end":{"line":9,"column":21}},"2":{"start":{"line":10,"column":8},"end":{"line":18,"column":9}},"3":{"start":{"line":22,"column":18},"end":{"line":22,"column":55}},"4":{"start":{"line":23,"column":8},"end":{"line":23,"column":30}},"5":{"start":{"line":24,"column":8},"end":{"line":24,"column":30}},"6":{"start":{"line":28,"column":8},"end":{"line":42,"column":10}},"7":{"start":{"line":33,"column":16},"end":{"line":40,"column":18}},"8":{"start":{"line":46,"column":8},"end":{"line":56,"column":10}},"9":{"start":{"line":51,"column":16},"end":{"line":53,"column":18}},"10":{"start":{"line":60,"column":8},"end":{"line":64,"column":9}}},"fnMap":{"0":{"name":"(anonymous_0)","decl":{"start":{"line":8,"column":4},"end":{"line":8,"column":5}},"loc":{"start":{"line":8,"column":22},"end":{"line":19,"column":5}},"line":8},"1":{"name":"(anonymous_1)","decl":{"start":{"line":21,"column":4},"end":{"line":21,"column":5}},"loc":{"start":{"line":21,"column":23},"end":{"line":25,"column":5}},"line":21},"2":{"name":"(anonymous_2)","decl":{"start":{"line":27,"column":4},"end":{"line":27,"column":5}},"loc":{"start":{"line":27,"column":20},"end":{"line":43,"column":5}},"line":27},"3":{"name":"(anonymous_3)","decl":{"start":{"line":32,"column":21},"end":{"line":32,"column":22}},"loc":{"start":{"line":32,"column":29},"end":{"line":41,"column":13}},"line":32},"4":{"name":"(anonymous_4)","decl":{"start":{"line":45,"column":4},"end":{"line":45,"column":5}},"loc":{"start":{"line":45,"column":20},"end":{"line":57,"column":5}},"line":45},"5":{"name":"(anonymous_5)","decl":{"start":{"line":50,"column":21},"end":{"line":50,"column":22}},"loc":{"start":{"line":50,"column":32},"end":{"line":55,"column":13}},"line":50},"6":{"name":"(anonymous_6)","decl":{"start":{"line":59,"column":4},"end":{"line":59,"column":5}},"loc":{"start":{"line":59,"column":13},"end":{"line":65,"column":5}},"line":59}},"branchMap":{},"s":{"0":1,"1":1,"2":1,"3":1,"4":1,"5":1,"6":1,"7":0,"8":1,"9":0,"10":1},"f":{"0":1,"1":1,"2":1,"3":0,"4":1,"5":0,"6":1},"b":{},"_coverageSchema":"43e27e138ebf9cfc5966b082cf9a028302ed4184","hash":"8a51e5e0aba936ec6ace5966c72e09a5d124b04f"}
,"/Users/yisun/Desktop/Listing/client/component/Description.jsx": {"path":"/Users/yisun/Desktop/Listing/client/component/Description.jsx","statementMap":{"0":{"start":{"line":7,"column":8},"end":{"line":7,"column":20}},"1":{"start":{"line":8,"column":8},"end":{"line":14,"column":9}},"2":{"start":{"line":15,"column":8},"end":{"line":15,"column":58}},"3":{"start":{"line":16,"column":8},"end":{"line":16,"column":53}},"4":{"start":{"line":19,"column":8},"end":{"line":21,"column":10}},"5":{"start":{"line":24,"column":8},"end":{"line":26,"column":10}},"6":{"start":{"line":29,"column":8},"end":{"line":31,"column":10}},"7":{"start":{"line":34,"column":8},"end":{"line":36,"column":10}},"8":{"start":{"line":39,"column":7},"end":{"line":41,"column":9}},"9":{"start":{"line":44,"column":8},"end":{"line":46,"column":10}},"10":{"start":{"line":49,"column":8},"end":{"line":49,"column":27}},"11":{"start":{"line":50,"column":8},"end":{"line":56,"column":9}},"12":{"start":{"line":51,"column":12},"end":{"line":55,"column":13}},"13":{"start":{"line":52,"column":15},"end":{"line":52,"column":22}},"14":{"start":{"line":54,"column":14},"end":{"line":54,"column":36}},"15":{"start":{"line":59,"column":8},"end":{"line":59,"column":72}},"16":{"start":{"line":62,"column":4},"end":{"line":62,"column":71}},"17":{"start":{"line":66,"column":8},"end":{"line":70,"column":9}},"18":{"start":{"line":67,"column":12},"end":{"line":69,"column":14}},"19":{"start":{"line":74,"column":77},"end":{"line":74,"column":92}},"20":{"start":{"line":82,"column":8},"end":{"line":85,"column":9}},"21":{"start":{"line":83,"column":21},"end":{"line":83,"column":36}},"22":{"start":{"line":84,"column":23},"end":{"line":84,"column":36}},"23":{"start":{"line":86,"column":19},"end":{"line":86,"column":21}},"24":{"start":{"line":88,"column":8},"end":{"line":106,"column":9}},"25":{"start":{"line":88,"column":18},"end":{"line":88,"column":19}},"26":{"start":{"line":89,"column":28},"end":{"line":89,"column":37}},"27":{"start":{"line":90,"column":12},"end":{"line":94,"column":13}},"28":{"start":{"line":91,"column":16},"end":{"line":91,"column":955}},"29":{"start":{"line":92,"column":19},"end":{"line":94,"column":13}},"30":{"start":{"line":93,"column":16},"end":{"line":93,"column":716}},"31":{"start":{"line":95,"column":12},"end":{"line":105,"column":13}},"32":{"start":{"line":107,"column":27},"end":{"line":107,"column":29}},"33":{"start":{"line":108,"column":8},"end":{"line":110,"column":9}},"34":{"start":{"line":109,"column":31},"end":{"line":109,"column":62}},"35":{"start":{"line":112,"column":8},"end":{"line":138,"column":9}},"36":{"start":{"line":113,"column":12},"end":{"line":137,"column":13}},"37":{"start":{"line":113,"column":22},"end":{"line":113,"column":23}},"38":{"start":{"line":114,"column":16},"end":{"line":136,"column":17}},"39":{"start":{"line":115,"column":38},"end":{"line":115,"column":86}},"40":{"start":{"line":116,"column":37},"end":{"line":116,"column":87}},"41":{"start":{"line":117,"column":20},"end":{"line":135,"column":21}},"42":{"start":{"line":121,"column":36},"end":{"line":132,"column":42}},"43":{"start":{"line":140,"column":26},"end":{"line":140,"column":78}},"44":{"start":{"line":141,"column":30},"end":{"line":141,"column":81}},"45":{"start":{"line":142,"column":22},"end":{"line":142,"column":113}},"46":{"start":{"line":143,"column":24},"end":{"line":143,"column":70}},"47":{"start":{"line":144,"column":26},"end":{"line":144,"column":75}},"48":{"start":{"line":145,"column":8},"end":{"line":286,"column":9}},"49":{"start":{"line":165,"column":32},"end":{"line":190,"column":38}},"50":{"start":{"line":204,"column":69},"end":{"line":204,"column":88}},"51":{"start":{"line":213,"column":32},"end":{"line":216,"column":42}},"52":{"start":{"line":222,"column":73},"end":{"line":222,"column":92}},"53":{"start":{"line":245,"column":67},"end":{"line":245,"column":80}},"54":{"start":{"line":259,"column":68},"end":{"line":259,"column":82}},"55":{"start":{"line":270,"column":85},"end":{"line":270,"column":104}},"56":{"start":{"line":270,"column":122},"end":{"line":270,"column":143}},"57":{"start":{"line":271,"column":65},"end":{"line":271,"column":81}},"58":{"start":{"line":273,"column":77},"end":{"line":273,"column":99}}},"fnMap":{"0":{"name":"(anonymous_0)","decl":{"start":{"line":6,"column":4},"end":{"line":6,"column":5}},"loc":{"start":{"line":6,"column":22},"end":{"line":17,"column":5}},"line":6},"1":{"name":"(anonymous_1)","decl":{"start":{"line":18,"column":4},"end":{"line":18,"column":5}},"loc":{"start":{"line":18,"column":18},"end":{"line":22,"column":5}},"line":18},"2":{"name":"(anonymous_2)","decl":{"start":{"line":23,"column":4},"end":{"line":23,"column":5}},"loc":{"start":{"line":23,"column":18},"end":{"line":27,"column":5}},"line":23},"3":{"name":"(anonymous_3)","decl":{"start":{"line":28,"column":4},"end":{"line":28,"column":5}},"loc":{"start":{"line":28,"column":13},"end":{"line":32,"column":5}},"line":28},"4":{"name":"(anonymous_4)","decl":{"start":{"line":33,"column":4},"end":{"line":33,"column":5}},"loc":{"start":{"line":33,"column":12},"end":{"line":37,"column":5}},"line":33},"5":{"name":"(anonymous_5)","decl":{"start":{"line":38,"column":4},"end":{"line":38,"column":5}},"loc":{"start":{"line":38,"column":21},"end":{"line":42,"column":5}},"line":38},"6":{"name":"(anonymous_6)","decl":{"start":{"line":43,"column":4},"end":{"line":43,"column":5}},"loc":{"start":{"line":43,"column":21},"end":{"line":47,"column":5}},"line":43},"7":{"name":"(anonymous_7)","decl":{"start":{"line":48,"column":4},"end":{"line":48,"column":5}},"loc":{"start":{"line":48,"column":18},"end":{"line":57,"column":5}},"line":48},"8":{"name":"(anonymous_8)","decl":{"start":{"line":58,"column":4},"end":{"line":58,"column":5}},"loc":{"start":{"line":58,"column":23},"end":{"line":60,"column":5}},"line":58},"9":{"name":"(anonymous_9)","decl":{"start":{"line":61,"column":4},"end":{"line":61,"column":5}},"loc":{"start":{"line":61,"column":26},"end":{"line":63,"column":5}},"line":61},"10":{"name":"(anonymous_10)","decl":{"start":{"line":65,"column":4},"end":{"line":65,"column":5}},"loc":{"start":{"line":65,"column":20},"end":{"line":71,"column":5}},"line":65},"11":{"name":"(anonymous_11)","decl":{"start":{"line":72,"column":4},"end":{"line":72,"column":5}},"loc":{"start":{"line":72,"column":12},"end":{"line":287,"column":5}},"line":72},"12":{"name":"(anonymous_12)","decl":{"start":{"line":120,"column":49},"end":{"line":120,"column":50}},"loc":{"start":{"line":121,"column":36},"end":{"line":132,"column":42}},"line":121},"13":{"name":"(anonymous_13)","decl":{"start":{"line":164,"column":57},"end":{"line":164,"column":58}},"loc":{"start":{"line":165,"column":32},"end":{"line":190,"column":38}},"line":165},"14":{"name":"(anonymous_14)","decl":{"start":{"line":204,"column":66},"end":{"line":204,"column":67}},"loc":{"start":{"line":204,"column":69},"end":{"line":204,"column":88}},"line":204},"15":{"name":"(anonymous_15)","decl":{"start":{"line":212,"column":64},"end":{"line":212,"column":65}},"loc":{"start":{"line":213,"column":32},"end":{"line":216,"column":42}},"line":213},"16":{"name":"(anonymous_16)","decl":{"start":{"line":222,"column":70},"end":{"line":222,"column":71}},"loc":{"start":{"line":222,"column":73},"end":{"line":222,"column":92}},"line":222},"17":{"name":"(anonymous_17)","decl":{"start":{"line":245,"column":64},"end":{"line":245,"column":65}},"loc":{"start":{"line":245,"column":67},"end":{"line":245,"column":80}},"line":245},"18":{"name":"(anonymous_18)","decl":{"start":{"line":259,"column":65},"end":{"line":259,"column":66}},"loc":{"start":{"line":259,"column":68},"end":{"line":259,"column":82}},"line":259},"19":{"name":"(anonymous_19)","decl":{"start":{"line":270,"column":81},"end":{"line":270,"column":82}},"loc":{"start":{"line":270,"column":84},"end":{"line":270,"column":105}},"line":270},"20":{"name":"(anonymous_20)","decl":{"start":{"line":270,"column":118},"end":{"line":270,"column":119}},"loc":{"start":{"line":270,"column":121},"end":{"line":270,"column":144}},"line":270},"21":{"name":"(anonymous_21)","decl":{"start":{"line":271,"column":57},"end":{"line":271,"column":58}},"loc":{"start":{"line":271,"column":65},"end":{"line":271,"column":81}},"line":271},"22":{"name":"(anonymous_22)","decl":{"start":{"line":273,"column":74},"end":{"line":273,"column":75}},"loc":{"start":{"line":273,"column":77},"end":{"line":273,"column":99}},"line":273}},"branchMap":{"0":{"loc":{"start":{"line":50,"column":8},"end":{"line":56,"column":9}},"type":"if","locations":[{"start":{"line":50,"column":8},"end":{"line":56,"column":9}},{"start":{"line":50,"column":8},"end":{"line":56,"column":9}}],"line":50},"1":{"loc":{"start":{"line":51,"column":12},"end":{"line":55,"column":13}},"type":"if","locations":[{"start":{"line":51,"column":12},"end":{"line":55,"column":13}},{"start":{"line":51,"column":12},"end":{"line":55,"column":13}}],"line":51},"2":{"loc":{"start":{"line":66,"column":8},"end":{"line":70,"column":9}},"type":"if","locations":[{"start":{"line":66,"column":8},"end":{"line":70,"column":9}},{"start":{"line":66,"column":8},"end":{"line":70,"column":9}}],"line":66},"3":{"loc":{"start":{"line":82,"column":8},"end":{"line":85,"column":9}},"type":"if","locations":[{"start":{"line":82,"column":8},"end":{"line":85,"column":9}},{"start":{"line":82,"column":8},"end":{"line":85,"column":9}}],"line":82},"4":{"loc":{"start":{"line":90,"column":12},"end":{"line":94,"column":13}},"type":"if","locations":[{"start":{"line":90,"column":12},"end":{"line":94,"column":13}},{"start":{"line":90,"column":12},"end":{"line":94,"column":13}}],"line":90},"5":{"loc":{"start":{"line":90,"column":15},"end":{"line":90,"column":68}},"type":"binary-expr","locations":[{"start":{"line":90,"column":15},"end":{"line":90,"column":40}},{"start":{"line":90,"column":44},"end":{"line":90,"column":68}}],"line":90},"6":{"loc":{"start":{"line":92,"column":19},"end":{"line":94,"column":13}},"type":"if","locations":[{"start":{"line":92,"column":19},"end":{"line":94,"column":13}},{"start":{"line":92,"column":19},"end":{"line":94,"column":13}}],"line":92},"7":{"loc":{"start":{"line":108,"column":8},"end":{"line":110,"column":9}},"type":"if","locations":[{"start":{"line":108,"column":8},"end":{"line":110,"column":9}},{"start":{"line":108,"column":8},"end":{"line":110,"column":9}}],"line":108},"8":{"loc":{"start":{"line":112,"column":8},"end":{"line":138,"column":9}},"type":"if","locations":[{"start":{"line":112,"column":8},"end":{"line":138,"column":9}},{"start":{"line":112,"column":8},"end":{"line":138,"column":9}}],"line":112},"9":{"loc":{"start":{"line":114,"column":16},"end":{"line":136,"column":17}},"type":"if","locations":[{"start":{"line":114,"column":16},"end":{"line":136,"column":17}},{"start":{"line":114,"column":16},"end":{"line":136,"column":17}}],"line":114},"10":{"loc":{"start":{"line":124,"column":44},"end":{"line":127,"column":50}},"type":"binary-expr","locations":[{"start":{"line":124,"column":44},"end":{"line":124,"column":61}},{"start":{"line":125,"column":44},"end":{"line":127,"column":50}}],"line":124},"11":{"loc":{"start":{"line":140,"column":36},"end":{"line":140,"column":77}},"type":"cond-expr","locations":[{"start":{"line":140,"column":62},"end":{"line":140,"column":69}},{"start":{"line":140,"column":71},"end":{"line":140,"column":77}}],"line":140},"12":{"loc":{"start":{"line":141,"column":40},"end":{"line":141,"column":80}},"type":"cond-expr","locations":[{"start":{"line":141,"column":66},"end":{"line":141,"column":72}},{"start":{"line":141,"column":74},"end":{"line":141,"column":80}}],"line":141},"13":{"loc":{"start":{"line":144,"column":36},"end":{"line":144,"column":74}},"type":"cond-expr","locations":[{"start":{"line":144,"column":59},"end":{"line":144,"column":66}},{"start":{"line":144,"column":68},"end":{"line":144,"column":74}}],"line":144},"14":{"loc":{"start":{"line":153,"column":26},"end":{"line":157,"column":34}},"type":"binary-expr","locations":[{"start":{"line":153,"column":26},"end":{"line":153,"column":30}},{"start":{"line":154,"column":28},"end":{"line":157,"column":34}}],"line":153},"15":{"loc":{"start":{"line":162,"column":22},"end":{"line":192,"column":30}},"type":"binary-expr","locations":[{"start":{"line":162,"column":22},"end":{"line":162,"column":32}},{"start":{"line":163,"column":24},"end":{"line":192,"column":30}}],"line":162},"16":{"loc":{"start":{"line":167,"column":41},"end":{"line":168,"column":75}},"type":"binary-expr","locations":[{"start":{"line":167,"column":42},"end":{"line":167,"column":62}},{"start":{"line":167,"column":64},"end":{"line":167,"column":83}},{"start":{"line":167,"column":85},"end":{"line":167,"column":109}},{"start":{"line":168,"column":44},"end":{"line":168,"column":75}}],"line":167},"17":{"loc":{"start":{"line":170,"column":41},"end":{"line":171,"column":80}},"type":"binary-expr","locations":[{"start":{"line":170,"column":41},"end":{"line":170,"column":60}},{"start":{"line":171,"column":44},"end":{"line":171,"column":80}}],"line":170},"18":{"loc":{"start":{"line":173,"column":41},"end":{"line":174,"column":78}},"type":"binary-expr","locations":[{"start":{"line":173,"column":41},"end":{"line":173,"column":66}},{"start":{"line":174,"column":44},"end":{"line":174,"column":78}}],"line":173},"19":{"loc":{"start":{"line":176,"column":41},"end":{"line":177,"column":79}},"type":"binary-expr","locations":[{"start":{"line":176,"column":41},"end":{"line":176,"column":65}},{"start":{"line":177,"column":44},"end":{"line":177,"column":79}}],"line":176},"20":{"loc":{"start":{"line":179,"column":41},"end":{"line":180,"column":75}},"type":"binary-expr","locations":[{"start":{"line":179,"column":41},"end":{"line":179,"column":61}},{"start":{"line":180,"column":44},"end":{"line":180,"column":75}}],"line":179},"21":{"loc":{"start":{"line":182,"column":41},"end":{"line":183,"column":78}},"type":"binary-expr","locations":[{"start":{"line":182,"column":41},"end":{"line":182,"column":64}},{"start":{"line":183,"column":44},"end":{"line":183,"column":78}}],"line":182},"22":{"loc":{"start":{"line":199,"column":18},"end":{"line":232,"column":26}},"type":"binary-expr","locations":[{"start":{"line":199,"column":18},"end":{"line":199,"column":22}},{"start":{"line":200,"column":20},"end":{"line":232,"column":26}}],"line":199}},"s":{"0":27,"1":27,"2":27,"3":27,"4":0,"5":0,"6":0,"7":0,"8":0,"9":0,"10":0,"11":0,"12":0,"13":0,"14":0,"15":0,"16":0,"17":0,"18":0,"19":27,"20":0,"21":0,"22":0,"23":0,"24":0,"25":0,"26":0,"27":0,"28":0,"29":0,"30":0,"31":0,"32":0,"33":0,"34":0,"35":0,"36":0,"37":0,"38":0,"39":0,"40":0,"41":0,"42":0,"43":0,"44":0,"45":0,"46":0,"47":0,"48":0,"49":0,"50":0,"51":0,"52":0,"53":0,"54":0,"55":0,"56":0,"57":0,"58":0},"f":{"0":27,"1":0,"2":0,"3":0,"4":0,"5":0,"6":0,"7":0,"8":0,"9":0,"10":0,"11":27,"12":0,"13":0,"14":0,"15":0,"16":0,"17":0,"18":0,"19":0,"20":0,"21":0,"22":0},"b":{"0":[0,0],"1":[0,0],"2":[0,0],"3":[0,0],"4":[0,0],"5":[0,0],"6":[0,0],"7":[0,0],"8":[0,0],"9":[0,0],"10":[0,0],"11":[0,0],"12":[0,0],"13":[0,0],"14":[0,0],"15":[0,0],"16":[0,0,0,0],"17":[0,0],"18":[0,0],"19":[0,0],"20":[0,0],"21":[0,0],"22":[0,0]},"_coverageSchema":"43e27e138ebf9cfc5966b082cf9a028302ed4184","hash":"a8e206fd9317a23e6b278f935be844123e9ec71c"}
}
