TN:
SF:/Users/yisun/Desktop/Listing/client/component/Amenity.jsx
FN:5,(anonymous_0)
FN:8,(anonymous_1)
FN:11,(anonymous_2)
FN:42,(anonymous_3)
FN:52,(anonymous_4)
FN:66,(anonymous_5)
FN:76,(anonymous_6)
FN:89,(anonymous_7)
FNF:8
FNH:8
FNDA:13,(anonymous_0)
FNDA:1,(anonymous_1)
FNDA:26,(anonymous_2)
FNDA:18,(anonymous_3)
FNDA:18,(anonymous_4)
FNDA:18,(anonymous_5)
FNDA:18,(anonymous_6)
FNDA:1,(anonymous_7)
DA:6,13
DA:9,1
DA:13,26
DA:14,2
DA:16,26
DA:17,2
DA:18,2
DA:22,26
DA:33,26
DA:35,26
DA:43,18
DA:44,0
DA:53,18
DA:54,2
DA:67,18
DA:68,0
DA:77,18
DA:78,2
DA:89,1
LF:19
LH:17
BRDA:13,0,0,2
BRDA:13,0,1,24
BRDA:16,1,0,2
BRDA:16,1,1,24
BRDA:39,2,0,26
BRDA:39,2,1,2
BRDA:43,3,0,0
BRDA:43,3,1,18
BRDA:53,4,0,2
BRDA:53,4,1,16
BRDA:63,5,0,26
BRDA:63,5,1,2
BRDA:67,6,0,0
BRDA:67,6,1,18
BRDA:77,7,0,2
BRDA:77,7,1,16
BRF:16
BRH:14
end_of_record
TN:
SF:/Users/yisun/Desktop/Listing/client/component/App.jsx
FN:9,(anonymous_0)
FN:21,(anonymous_1)
FN:26,(anonymous_2)
FN:31,(anonymous_3)
FN:46,(anonymous_4)
FN:51,(anonymous_5)
FN:61,(anonymous_6)
FNF:7
FNH:5
FNDA:3,(anonymous_0)
FNDA:3,(anonymous_1)
FNDA:3,(anonymous_2)
FNDA:0,(anonymous_3)
FNDA:3,(anonymous_4)
FNDA:0,(anonymous_5)
FNDA:4,(anonymous_6)
DA:2,1
DA:10,3
DA:11,3
DA:22,3
DA:23,3
DA:24,3
DA:27,3
DA:33,0
DA:47,3
DA:53,0
DA:63,4
LF:11
LH:9
BRF:0
BRH:0
end_of_record
TN:
SF:/Users/yisun/Desktop/Listing/client/component/Description.jsx
FN:6,(anonymous_0)
FN:16,(anonymous_1)
FN:21,(anonymous_2)
FN:26,(anonymous_3)
FN:31,(anonymous_4)
FN:36,(anonymous_5)
FN:41,(anonymous_6)
FN:46,(anonymous_7)
FN:57,(anonymous_8)
FN:106,(anonymous_9)
FN:150,(anonymous_10)
FN:190,(anonymous_11)
FN:198,(anonymous_12)
FN:208,(anonymous_13)
FN:231,(anonymous_14)
FN:245,(anonymous_15)
FN:256,(anonymous_16)
FN:257,(anonymous_17)
FN:259,(anonymous_18)
FNF:19
FNH:16
FNDA:17,(anonymous_0)
FNDA:1,(anonymous_1)
FNDA:0,(anonymous_2)
FNDA:1,(anonymous_3)
FNDA:1,(anonymous_4)
FNDA:1,(anonymous_5)
FNDA:1,(anonymous_6)
FNDA:1,(anonymous_7)
FNDA:31,(anonymous_8)
FNDA:0,(anonymous_9)
FNDA:8,(anonymous_10)
FNDA:1,(anonymous_11)
FNDA:8,(anonymous_12)
FNDA:0,(anonymous_13)
FNDA:1,(anonymous_14)
FNDA:1,(anonymous_15)
FNDA:1,(anonymous_16)
FNDA:33,(anonymous_17)
FNDA:1,(anonymous_18)
DA:7,17
DA:8,17
DA:17,1
DA:22,0
DA:27,1
DA:32,1
DA:37,1
DA:42,1
DA:47,1
DA:48,1
DA:49,1
DA:50,1
DA:52,0
DA:59,31
DA:66,31
DA:67,2
DA:68,2
DA:70,31
DA:72,31
DA:74,3
DA:75,3
DA:76,2
DA:77,1
DA:78,1
DA:80,3
DA:92,31
DA:93,31
DA:94,0
DA:97,31
DA:98,0
DA:99,0
DA:100,0
DA:101,0
DA:102,0
DA:107,0
DA:126,31
DA:127,31
DA:128,31
DA:129,31
DA:130,31
DA:131,31
DA:151,8
DA:190,1
DA:199,8
DA:208,0
DA:231,1
DA:245,1
DA:256,1
DA:257,33
DA:259,1
LF:50
LH:40
BRDA:48,0,0,1
BRDA:48,0,1,0
BRDA:49,1,0,1
BRDA:49,1,1,0
BRDA:66,2,0,2
BRDA:66,2,1,29
BRDA:75,3,0,2
BRDA:75,3,1,1
BRDA:75,4,0,3
BRDA:75,4,1,2
BRDA:77,5,0,1
BRDA:77,5,1,0
BRDA:93,6,0,0
BRDA:93,6,1,31
BRDA:97,7,0,0
BRDA:97,7,1,31
BRDA:99,8,0,0
BRDA:99,8,1,0
BRDA:110,9,0,0
BRDA:110,9,1,0
BRDA:126,10,0,1
BRDA:126,10,1,30
BRDA:127,11,0,1
BRDA:127,11,1,30
BRDA:130,12,0,2
BRDA:130,12,1,29
BRDA:139,13,0,31
BRDA:139,13,1,2
BRDA:148,14,0,31
BRDA:148,14,1,2
BRDA:153,15,0,8
BRDA:153,15,1,8
BRDA:153,15,2,6
BRDA:153,15,3,2
BRDA:156,16,0,8
BRDA:156,16,1,2
BRDA:159,17,0,8
BRDA:159,17,1,0
BRDA:162,18,0,8
BRDA:162,18,1,2
BRDA:165,19,0,8
BRDA:165,19,1,2
BRDA:168,20,0,8
BRDA:168,20,1,0
BRDA:185,21,0,31
BRDA:185,21,1,4
BRF:46
BRH:35
end_of_record
